<?xml version="1.0" encoding="UTF-8"?>
<!-- Generated by org.testng.reporters.JUnitReportReporter -->
<testsuite hostname="Vaibhavs-MacBook-Air.local" failures="0" tests="3" name="Tests.SVGElementTest" time="0.994" errors="0" timestamp="2023-04-11T21:13:03 IST" skipped="0">
  <testcase classname="Tests.SVGElementTest" name="testSVGGoogle" time="0.009"/>
  <system-out/>
  <testcase classname="Tests.SVGElementTest" name="verifyPageTitle" time="0.028"/>
  <system-out/>
  <testcase classname="Tests.SVGElementTest" name="searchText" time="0.957"/>
  <system-out/>
</testsuite> <!-- Tests.SVGElementTest -->
